<?xml version="1.0" encoding="UTF-8"?>
<!-- Generated by org.testng.reporters.JUnitXMLReporter -->
<testsuite hostname="DESKTOP-UQEU7P5" ignored="0" name="EmployeeShiftMappingPage" tests="7" failures="0" timestamp="2020-11-19T09:53:12 IST" time="58.904" errors="0">
  <testcase name="@BeforeTest login" time="1.168" classname="resource.TestBase">
    <failure type="org.openqa.selenium.ElementClickInterceptedException" message="element click intercepted: Element &amp;lt;a class=&amp;quot;nav-link dropdown-toggle&amp;quot; href=&amp;quot;#&amp;quot; id=&amp;quot;navbarDropdown2&amp;quot; role=&amp;quot;button&amp;quot; data-toggle=&amp;quot;dropdown&amp;quot; aria-haspopup=&amp;quot;true&amp;quot; aria-expanded=&amp;quot;false&amp;quot;&amp;gt;...&amp;lt;/a&amp;gt; is not clickable at point (674, 172). Other element would receive the click: &amp;lt;div class=&amp;quot;preloader&amp;quot; style=&amp;quot;opacity: 0.64702;&amp;quot;&amp;gt;...&amp;lt;/div&amp;gt;
  (Session info: chrome=86.0.4240.198)
Build info: version: &amp;apos;3.141.59&amp;apos;, revision: &amp;apos;e82be7d358&amp;apos;, time: &amp;apos;2018-11-14T08:17:03&amp;apos;
System info: host: &amp;apos;DESKTOP-UQEU7P5&amp;apos;, ip: &amp;apos;192.168.137.1&amp;apos;, os.name: &amp;apos;Windows 10&amp;apos;, os.arch: &amp;apos;amd64&amp;apos;, os.version: &amp;apos;10.0&amp;apos;, java.version: &amp;apos;1.8.0_211&amp;apos;
Driver info: org.openqa.selenium.chrome.ChromeDriver
Capabilities {acceptInsecureCerts: true, browserName: chrome, browserVersion: 86.0.4240.198, chrome: {chromedriverVersion: 85.0.4183.87 (cd6713ebf92fa..., userDataDir: C:\Users\user\AppData\Local...}, goog:chromeOptions: {debuggerAddress: localhost:57645}, javascriptEnabled: true, networkConnectionEnabled: false, pageLoadStrategy: normal, platform: WINDOWS, platformName: WINDOWS, proxy: Proxy(), setWindowRect: true, strictFileInteractability: false, timeouts: {implicit: 0, pageLoad: 300000, script: 30000}, unhandledPromptBehavior: dismiss and notify, webauthn:virtualAuthenticators: true}
Session ID: d6ea3ae5c22b72c4a1e9f41d51d71601">
      <![CDATA[org.openqa.selenium.ElementClickInterceptedException: element click intercepted: Element <a class="nav-link dropdown-toggle" href="#" id="navbarDropdown2" role="button" data-toggle="dropdown" aria-haspopup="true" aria-expanded="false">...</a> is not clickable at point (674, 172). Other element would receive the click: <div class="preloader" style="opacity: 0.64702;">...</div>
  (Session info: chrome=86.0.4240.198)
Build info: version: '3.141.59', revision: 'e82be7d358', time: '2018-11-14T08:17:03'
System info: host: 'DESKTOP-UQEU7P5', ip: '192.168.137.1', os.name: 'Windows 10', os.arch: 'amd64', os.version: '10.0', java.version: '1.8.0_211'
Driver info: org.openqa.selenium.chrome.ChromeDriver
Capabilities {acceptInsecureCerts: true, browserName: chrome, browserVersion: 86.0.4240.198, chrome: {chromedriverVersion: 85.0.4183.87 (cd6713ebf92fa..., userDataDir: C:\Users\user\AppData\Local...}, goog:chromeOptions: {debuggerAddress: localhost:57645}, javascriptEnabled: true, networkConnectionEnabled: false, pageLoadStrategy: normal, platform: WINDOWS, platformName: WINDOWS, proxy: Proxy(), setWindowRect: true, strictFileInteractability: false, timeouts: {implicit: 0, pageLoad: 300000, script: 30000}, unhandledPromptBehavior: dismiss and notify, webauthn:virtualAuthenticators: true}
Session ID: d6ea3ae5c22b72c4a1e9f41d51d71601
at org.openqa.selenium.remote.http.W3CHttpResponseCodec.createException(W3CHttpResponseCodec.java:187)
at org.openqa.selenium.remote.http.W3CHttpResponseCodec.decode(W3CHttpResponseCodec.java:122)
at org.openqa.selenium.remote.http.W3CHttpResponseCodec.decode(W3CHttpResponseCodec.java:49)
at org.openqa.selenium.remote.HttpCommandExecutor.execute(HttpCommandExecutor.java:158)
at org.openqa.selenium.remote.service.DriverCommandExecutor.execute(DriverCommandExecutor.java:83)
at org.openqa.selenium.remote.RemoteWebDriver.execute(RemoteWebDriver.java:552)
at org.openqa.selenium.remote.RemoteWebElement.execute(RemoteWebElement.java:285)
at org.openqa.selenium.remote.RemoteWebElement.click(RemoteWebElement.java:84)
at resource.TestBase.login(TestBase.java:22)
... Removed 28 stack frames]]>
    </failure>
  </testcase> <!-- @BeforeTest login -->
  <testcase name="@AfterTest teardown" time="-1.605759792228E9" classname="resource.TestBase">
    <skipped/>
  </testcase> <!-- @AfterTest teardown -->
  <testcase name="ShiftSchedulde_Employee_shift_mapping" time="0.0" classname="shiftschedule.EmployeeShiftMappingPage">
    <skipped/>
  </testcase> <!-- ShiftSchedulde_Employee_shift_mapping -->
  <testcase name="ShiftSchedulde_Employee_shift_mapping_success_message_validation" time="0.0" classname="shiftschedule.EmployeeShiftMappingPage">
    <skipped/>
  </testcase> <!-- ShiftSchedulde_Employee_shift_mapping_success_message_validation -->
  <testcase name="ShiftSchedulde_Employee_shift_mapping_Serch" time="0.0" classname="shiftschedule.EmployeeShiftMappingPage">
    <skipped/>
  </testcase> <!-- ShiftSchedulde_Employee_shift_mapping_Serch -->
  <testcase name="ShiftSchedulde_Employee_shift_mapping_edit" time="0.0" classname="shiftschedule.EmployeeShiftMappingPage">
    <skipped/>
  </testcase> <!-- ShiftSchedulde_Employee_shift_mapping_edit -->
  <testcase name="ShiftSchedulde_Employee_shift_mapping_udate_msg" time="0.0" classname="shiftschedule.EmployeeShiftMappingPage">
    <skipped/>
  </testcase> <!-- ShiftSchedulde_Employee_shift_mapping_udate_msg -->
  <testcase name="download" time="0.0" classname="shiftschedule.EmployeeShiftMappingPage">
    <skipped/>
  </testcase> <!-- download -->
  <testcase name="ShiftSchedulde_Employee_shift_mapping_delete_btn" time="0.0" classname="shiftschedule.EmployeeShiftMappingPage">
    <skipped/>
  </testcase> <!-- ShiftSchedulde_Employee_shift_mapping_delete_btn -->
</testsuite> <!-- EmployeeShiftMappingPage -->
